-------------------------------------------------------------------------------
Test set: com.sudipmitra.microservices.currencyexchangeservice.CurrencyExchangeServiceApplicationTests
-------------------------------------------------------------------------------
Tests run: 1, Failures: 0, Errors: 1, Skipped: 0, Time elapsed: 4.946 s <<< FAILURE! - in com.sudipmitra.microservices.currencyexchangeservice.CurrencyExchangeServiceApplicationTests
contextLoads  Time elapsed: 0.01 s  <<< ERROR!
java.lang.IllegalStateException: Failed to load ApplicationContext
Caused by: org.springframework.beans.factory.UnsatisfiedDependencyException: Error creating bean with name 'currencyExchangeController': Unsatisfied dependency expressed through field 'repository'; nested exception is org.springframework.beans.factory.BeanCreationException: Error creating bean with name 'currencyExchangeRepository' defined in com.sudipmitra.microservices.currencyexchangeservice.CurrencyExchangeRepository defined in @EnableJpaRepositories declared on JpaRepositoriesRegistrar.EnableJpaRepositoriesConfiguration: Invocation of init method failed; nested exception is org.springframework.data.repository.query.QueryCreationException: Could not create query for public abstract com.sudipmitra.microservices.currencyexchangeservice.CurrencyExchange com.sudipmitra.microservices.currencyexchangeservice.CurrencyExchangeRepository.findByFromAndTO(java.lang.String,java.lang.String); Reason: Failed to create query for method public abstract com.sudipmitra.microservices.currencyexchangeservice.CurrencyExchange com.sudipmitra.microservices.currencyexchangeservice.CurrencyExchangeRepository.findByFromAndTO(java.lang.String,java.lang.String)! No property 'TO' found for type 'CurrencyExchange' Did you mean ''id','to''; nested exception is java.lang.IllegalArgumentException: Failed to create query for method public abstract com.sudipmitra.microservices.currencyexchangeservice.CurrencyExchange com.sudipmitra.microservices.currencyexchangeservice.CurrencyExchangeRepository.findByFromAndTO(java.lang.String,java.lang.String)! No property 'TO' found for type 'CurrencyExchange' Did you mean ''id','to''
Caused by: org.springframework.beans.factory.BeanCreationException: Error creating bean with name 'currencyExchangeRepository' defined in com.sudipmitra.microservices.currencyexchangeservice.CurrencyExchangeRepository defined in @EnableJpaRepositories declared on JpaRepositoriesRegistrar.EnableJpaRepositoriesConfiguration: Invocation of init method failed; nested exception is org.springframework.data.repository.query.QueryCreationException: Could not create query for public abstract com.sudipmitra.microservices.currencyexchangeservice.CurrencyExchange com.sudipmitra.microservices.currencyexchangeservice.CurrencyExchangeRepository.findByFromAndTO(java.lang.String,java.lang.String); Reason: Failed to create query for method public abstract com.sudipmitra.microservices.currencyexchangeservice.CurrencyExchange com.sudipmitra.microservices.currencyexchangeservice.CurrencyExchangeRepository.findByFromAndTO(java.lang.String,java.lang.String)! No property 'TO' found for type 'CurrencyExchange' Did you mean ''id','to''; nested exception is java.lang.IllegalArgumentException: Failed to create query for method public abstract com.sudipmitra.microservices.currencyexchangeservice.CurrencyExchange com.sudipmitra.microservices.currencyexchangeservice.CurrencyExchangeRepository.findByFromAndTO(java.lang.String,java.lang.String)! No property 'TO' found for type 'CurrencyExchange' Did you mean ''id','to''
Caused by: org.springframework.data.repository.query.QueryCreationException: Could not create query for public abstract com.sudipmitra.microservices.currencyexchangeservice.CurrencyExchange com.sudipmitra.microservices.currencyexchangeservice.CurrencyExchangeRepository.findByFromAndTO(java.lang.String,java.lang.String); Reason: Failed to create query for method public abstract com.sudipmitra.microservices.currencyexchangeservice.CurrencyExchange com.sudipmitra.microservices.currencyexchangeservice.CurrencyExchangeRepository.findByFromAndTO(java.lang.String,java.lang.String)! No property 'TO' found for type 'CurrencyExchange' Did you mean ''id','to''; nested exception is java.lang.IllegalArgumentException: Failed to create query for method public abstract com.sudipmitra.microservices.currencyexchangeservice.CurrencyExchange com.sudipmitra.microservices.currencyexchangeservice.CurrencyExchangeRepository.findByFromAndTO(java.lang.String,java.lang.String)! No property 'TO' found for type 'CurrencyExchange' Did you mean ''id','to''
Caused by: java.lang.IllegalArgumentException: Failed to create query for method public abstract com.sudipmitra.microservices.currencyexchangeservice.CurrencyExchange com.sudipmitra.microservices.currencyexchangeservice.CurrencyExchangeRepository.findByFromAndTO(java.lang.String,java.lang.String)! No property 'TO' found for type 'CurrencyExchange' Did you mean ''id','to''
Caused by: org.springframework.data.mapping.PropertyReferenceException: No property 'TO' found for type 'CurrencyExchange' Did you mean ''id','to''

